2025-08-03T01:33:35.521Z - POST /generate - ::1
2025-08-03T01:36:32.933Z - POST /generate - ::1
2025-08-03T01:53:02.332Z - POST /generate - ::1
2025-08-03T01:53:04.894Z - POST /generate - ::1
2025-08-03T01:53:15.097Z - POST /generate - ::1
2025-08-03T01:53:27.379Z - POST /generate - ::1
2025-08-03T01:53:29.511Z - POST /generate - ::1
2025-08-03T01:53:49.500Z - POST /generate - ::1
2025-08-03T01:53:51.540Z - POST /generate - ::1
2025-08-03T01:54:12.644Z - GET /visitor - ::1
2025-08-03T01:54:22.042Z - GET /visitors - ::1
2025-08-03T01:56:52.843Z - GET / - ::1
2025-08-03T01:59:42.176Z - GET /today - ::1
2025-08-03T02:06:40.002Z - GET /api/visitors - ::1
2025-08-18T08:54:30.692Z - GET /api/movies - ::1
2025-08-18T09:00:58.298Z - POST /api/movies - ::1
2025-08-18T09:01:23.622Z - GET /api/movies - ::1
2025-08-18T09:02:07.903Z - POST /api/movies - ::1
2025-08-18T09:02:43.541Z - POST /api/movies - ::1
2025-08-18T09:03:57.274Z - POST /api/movies - ::1
2025-08-18T09:09:32.650Z - POST /api/movies - ::1
2025-08-18T09:09:45.902Z - GET /api/movies - ::1
2025-08-18T09:10:13.117Z - GET /api/series - ::1
2025-08-18T09:32:15.265Z - POST /api/series - ::1
2025-08-18T09:39:38.291Z - POST /api/series - ::1
2025-08-18T09:41:06.707Z - POST /api/series - ::1
2025-08-18T09:41:13.688Z - POST /api/series - ::1
2025-08-18T09:41:54.059Z - POST /api/series - ::1
2025-08-18T09:42:23.388Z - GET /api/series - ::1
2025-08-18T18:32:37.208Z - GET /genre/api/series - ::1
2025-08-18T18:33:17.192Z - GET /genre - ::1
2025-08-18T18:34:59.785Z - GET /genre/api/series?genre=ACTION - ::1
2025-08-18T18:35:17.636Z - GET /genre/api/series?genres=action - ::1
2025-08-18T18:35:50.570Z - GET /genre/api/series?genres=action - ::1
2025-08-18T18:36:18.971Z - GET /genre/api/series - ::1
2025-08-18T18:41:43.330Z - GET /genre - ::1
2025-08-18T18:42:27.206Z - GET /genre?genre=action - ::1
2025-08-18T18:44:17.792Z - GET /genre/api/series?genre=action - ::1
2025-08-18T18:45:13.093Z - GET /genre/api/series?genre=ACTION - ::1
2025-08-18T18:47:46.183Z - GET /api/series/genre/ACTION - ::1
2025-08-18T18:47:56.944Z - GET /api/series/genre/action - ::1
2025-08-18T18:51:02.796Z - GET /api/series/genre?genres=action - ::1
2025-08-18T18:51:17.300Z - GET /api/series/genre?genres=adventure - ::1
2025-08-18T18:51:33.335Z - GET /api/series/ - ::1
2025-08-18T18:52:20.493Z - GET /api/series/genre?genres=DRAMA - ::1
2025-08-18T18:52:28.612Z - GET /api/series/genre?genre=DRAMA - ::1
2025-08-18T18:52:57.615Z - GET /api/series/genre?genreS=SCI-FI - ::1
2025-08-18T18:59:55.448Z - GET /api/series/ - ::1
2025-08-18T19:00:04.188Z - GET /api/series - ::1
2025-08-18T19:00:12.434Z - GET /api/series/ - ::1
2025-08-18T19:01:08.586Z - GET /api/series/ - ::1
2025-08-18T19:06:19.985Z - GET /api/series/genre?genres=ACTION - ::1
2025-08-18T19:06:27.414Z - GET /api/series/genre?genre=ACTION - ::1
2025-08-18T19:08:24.683Z - GET /api/series/genre?name=action - ::1
2025-08-18T19:10:05.403Z - GET /api/series/genre?name=action - ::1
2025-08-18T19:11:13.273Z - GET /api/series/genre?name=drama - ::1
2025-08-18T19:11:26.653Z - GET /api/series/genre?name=sci-fi - ::1
2025-08-18T19:12:54.117Z - GET /api/series/genre?name=drama - ::1
2025-08-18T19:15:26.793Z - GET /api/series/genre?name=drama - ::1
2025-08-18T19:17:18.690Z - GET /api/series/genre?name=drama - ::1
2025-08-18T19:17:44.214Z - GET /api/series/genre?name=DRAMA - ::1
2025-08-18T19:19:31.125Z - GET /api/series/genre?name=DRAMA - ::1
2025-08-18T19:29:43.113Z - GET /api/series/genre/action - ::1
2025-08-18T22:55:20.248Z - GET /api/series/ - ::1
2025-08-18T23:00:27.693Z - PUT /api/series/:68a2f5628d1be44c8cd885f4 - ::1
2025-08-18T23:00:57.555Z - PUT /api/series/68a2f5628d1be44c8cd885f4 - ::1
2025-08-18T23:02:28.083Z - PUT /api/series/68a2f5628d1be44c8cd885f4 - ::1
2025-08-18T23:04:53.293Z - PUT /api/series/update/68a2f5628d1be44c8cd885f4 - ::1
2025-08-18T23:05:27.107Z - PUT /api/series/update/68a2f5628d1be44c8cd885f4 - ::1
2025-08-18T23:06:32.384Z - GET /api/series/ - ::1
2025-08-18T23:33:24.064Z - POST /api/series/series/68a2f5628d1be44c8cd885f2/seasons/68a2f5628d1be44c8cd885f3/episodes - ::1
2025-08-18T23:35:37.892Z - POST /api/series/series/68a2f5628d1be44c8cd885f2/seasons/68a2f5628d1be44c8cd885f3/episodes - ::1
2025-08-18T23:47:01.043Z - DELETE /api/series/delete/68a3b84415274b3f51e772b8 - ::1
2025-08-18T23:48:02.505Z - GET /api/series/ - ::1
2025-08-18T23:48:35.159Z - DELETE /api/series/delete/68a3b84415274b3f51e772b8 - ::1
2025-08-18T23:49:58.704Z - DELETE /api/series/delete/68a3b84415274b3f51e772b8 - ::1
2025-08-19T00:01:28.151Z - DELETE /api/series/delete/68a3b84415274b3f51e772b8 - ::1
2025-08-19T00:01:36.261Z - GET /api/series/ - ::1
2025-08-19T00:02:21.096Z - DELETE /api/series/delete/68a3b8ca15274b3f51e772bf - ::1
2025-08-19T00:02:53.631Z - DELETE /api/series/delete/68a2f31f8d1be44c8cd885db - ::1
